D1/D2/D3
touch D1/D2/file.txt
echo \ Hello \ >> D1/D2/file.txt
cd D1/D2/D3
ln -s ../file.txt symlink_file.txt
ln ../file.txt hardlink_file.txt
cd ~
ls -la D1/D2/D3/
cat D1/D2/file.txt
cat D1/D2/D3/symlink_file.txt
cat D1/D2/D3/hardlink_file.txt
ls -li D1/D2/D3/
mvD1/D2/file.txt
ls -la D1/
ls -la D1/D2/
cat D1/D2/D3/symlink_file.txt
cat D1/D2/D3/hardlink_file.txt
ls -la D1/D2/D3/
Жесткая ссылка работает, т.к. ссылаеться на тот же inode
Символическая ссылка битая т.к. хранит старый путь ../file.txt
rm -rf D1/D2
ls -la D1/
find / -type f -size + 20M - exec du -h {} \; 2>/dev/null > eltex-pg1-v17_part3_gt50M.log
cat  eltex-pg1-v17_part3_gt50M.log
find / -type f -size +20M -exec du -h {} \; 2>/dev/null > eltex-pg1-v17_part3_gt50M.log
cat eltex-pg1-v17_part3_gt50M.log
find ~ -type f -mtime -1 2>/dev/null
which find
file $(which find)
file /boot/initrd.img*
